ERROR - 2021-06-11 23:45:07 --> Error connecting to the database: pg_connect(): Unable to connect to PostgreSQL server: could not translate host name &quot;polka.tplinkdns.com1&quot; to address: Name or service not known
CRITICAL - 2021-06-11 23:45:07 --> Unable to connect to the database.
Main connection [Postgre]: pg_connect(): Unable to connect to PostgreSQL server: could not translate host name &quot;polka.tplinkdns.com1&quot; to address: Name or service not known
#0 /home/nick/Documents/polka_web/vendor/codeigniter4/framework/system/Database/BaseConnection.php(625): CodeIgniter\Database\BaseConnection->initialize()
#1 /home/nick/Documents/polka_web/vendor/codeigniter4/framework/system/Database/BaseBuilder.php(1981): CodeIgniter\Database\BaseConnection->query()
#2 /home/nick/Documents/polka_web/vendor/codeigniter4/framework/system/Model.php(561): CodeIgniter\Database\BaseBuilder->countAllResults()
#3 /home/nick/Documents/polka_web/vendor/codeigniter4/framework/system/BaseModel.php(1147): CodeIgniter\Model->countAllResults()
#4 /home/nick/Documents/polka_web/app/Controllers/Pages.php(47): CodeIgniter\BaseModel->paginate()
#5 /home/nick/Documents/polka_web/vendor/codeigniter4/framework/system/CodeIgniter.php(931): App\Controllers\Pages->view()
#6 /home/nick/Documents/polka_web/vendor/codeigniter4/framework/system/CodeIgniter.php(439): CodeIgniter\CodeIgniter->runController()
#7 /home/nick/Documents/polka_web/vendor/codeigniter4/framework/system/CodeIgniter.php(339): CodeIgniter\CodeIgniter->handleRequest()
#8 /home/nick/Documents/polka_web/public/index.php(44): CodeIgniter\CodeIgniter->run()
#9 /home/nick/Documents/polka_web/vendor/codeigniter4/framework/system/Commands/Server/rewrite.php(45): require_once('/home/nick/Docu...')
#10 {main}
ERROR - 2021-06-11 23:45:11 --> ErrorException: pg_query(): Query failed: ERROR:  relation &quot;Books&quot; does not exist
LINE 2: FROM &quot;Books&quot;
             ^ in /home/nick/Documents/polka_web/vendor/codeigniter4/framework/system/Database/Postgre/Connection.php:170
Stack trace:
#0 [internal function]: CodeIgniter\Debug\Exceptions->errorHandler()
#1 /home/nick/Documents/polka_web/vendor/codeigniter4/framework/system/Database/Postgre/Connection.php(170): pg_query()
#2 /home/nick/Documents/polka_web/vendor/codeigniter4/framework/system/Database/BaseConnection.php(732): CodeIgniter\Database\Postgre\Connection->execute()
#3 /home/nick/Documents/polka_web/vendor/codeigniter4/framework/system/Database/BaseConnection.php(647): CodeIgniter\Database\BaseConnection->simpleQuery()
#4 /home/nick/Documents/polka_web/vendor/codeigniter4/framework/system/Database/BaseBuilder.php(1981): CodeIgniter\Database\BaseConnection->query()
#5 /home/nick/Documents/polka_web/vendor/codeigniter4/framework/system/Model.php(561): CodeIgniter\Database\BaseBuilder->countAllResults()
#6 /home/nick/Documents/polka_web/vendor/codeigniter4/framework/system/BaseModel.php(1147): CodeIgniter\Model->countAllResults()
#7 /home/nick/Documents/polka_web/app/Controllers/Pages.php(47): CodeIgniter\BaseModel->paginate()
#8 /home/nick/Documents/polka_web/vendor/codeigniter4/framework/system/CodeIgniter.php(931): App\Controllers\Pages->view()
#9 /home/nick/Documents/polka_web/vendor/codeigniter4/framework/system/CodeIgniter.php(439): CodeIgniter\CodeIgniter->runController()
#10 /home/nick/Documents/polka_web/vendor/codeigniter4/framework/system/CodeIgniter.php(339): CodeIgniter\CodeIgniter->handleRequest()
#11 /home/nick/Documents/polka_web/public/index.php(44): CodeIgniter\CodeIgniter->run()
#12 /home/nick/Documents/polka_web/vendor/codeigniter4/framework/system/Commands/Server/rewrite.php(45): require_once('/home/nick/Docu...')
#13 {main}
ERROR - 2021-06-11 23:45:11 --> ErrorException: pg_query(): Query failed: ERROR:  relation &quot;Books&quot; does not exist
LINE 2: FROM &quot;Books&quot;
             ^ in /home/nick/Documents/polka_web/vendor/codeigniter4/framework/system/Database/Postgre/Connection.php:170
Stack trace:
#0 [internal function]: CodeIgniter\Debug\Exceptions->errorHandler()
#1 /home/nick/Documents/polka_web/vendor/codeigniter4/framework/system/Database/Postgre/Connection.php(170): pg_query()
#2 /home/nick/Documents/polka_web/vendor/codeigniter4/framework/system/Database/BaseConnection.php(732): CodeIgniter\Database\Postgre\Connection->execute()
#3 /home/nick/Documents/polka_web/vendor/codeigniter4/framework/system/Database/BaseConnection.php(647): CodeIgniter\Database\BaseConnection->simpleQuery()
#4 /home/nick/Documents/polka_web/vendor/codeigniter4/framework/system/Database/BaseBuilder.php(1881): CodeIgniter\Database\BaseConnection->query()
#5 /home/nick/Documents/polka_web/vendor/codeigniter4/framework/system/Model.php(197): CodeIgniter\Database\BaseBuilder->get()
#6 /home/nick/Documents/polka_web/vendor/codeigniter4/framework/system/BaseModel.php(603): CodeIgniter\Model->doFindAll()
#7 /home/nick/Documents/polka_web/vendor/codeigniter4/framework/system/BaseModel.php(1151): CodeIgniter\BaseModel->findAll()
#8 /home/nick/Documents/polka_web/app/Controllers/Pages.php(47): CodeIgniter\BaseModel->paginate()
#9 /home/nick/Documents/polka_web/vendor/codeigniter4/framework/system/CodeIgniter.php(931): App\Controllers\Pages->view()
#10 /home/nick/Documents/polka_web/vendor/codeigniter4/framework/system/CodeIgniter.php(439): CodeIgniter\CodeIgniter->runController()
#11 /home/nick/Documents/polka_web/vendor/codeigniter4/framework/system/CodeIgniter.php(339): CodeIgniter\CodeIgniter->handleRequest()
#12 /home/nick/Documents/polka_web/public/index.php(44): CodeIgniter\CodeIgniter->run()
#13 /home/nick/Documents/polka_web/vendor/codeigniter4/framework/system/Commands/Server/rewrite.php(45): require_once('/home/nick/Docu...')
#14 {main}
CRITICAL - 2021-06-11 23:45:11 --> Call to a member function getResult() on bool
#0 /home/nick/Documents/polka_web/vendor/codeigniter4/framework/system/BaseModel.php(603): CodeIgniter\Model->doFindAll()
#1 /home/nick/Documents/polka_web/vendor/codeigniter4/framework/system/BaseModel.php(1151): CodeIgniter\BaseModel->findAll()
#2 /home/nick/Documents/polka_web/app/Controllers/Pages.php(47): CodeIgniter\BaseModel->paginate()
#3 /home/nick/Documents/polka_web/vendor/codeigniter4/framework/system/CodeIgniter.php(931): App\Controllers\Pages->view()
#4 /home/nick/Documents/polka_web/vendor/codeigniter4/framework/system/CodeIgniter.php(439): CodeIgniter\CodeIgniter->runController()
#5 /home/nick/Documents/polka_web/vendor/codeigniter4/framework/system/CodeIgniter.php(339): CodeIgniter\CodeIgniter->handleRequest()
#6 /home/nick/Documents/polka_web/public/index.php(44): CodeIgniter\CodeIgniter->run()
#7 /home/nick/Documents/polka_web/vendor/codeigniter4/framework/system/Commands/Server/rewrite.php(45): require_once('/home/nick/Docu...')
#8 {main}
ERROR - 2021-06-11 23:55:45 --> Error connecting to the database: pg_connect(): Unable to connect to PostgreSQL server: server closed the connection unexpectedly
	This probably means the server terminated abnormally
	before or while processing the request.
CRITICAL - 2021-06-11 23:55:45 --> Unable to connect to the database.
Main connection [Postgre]: pg_connect(): Unable to connect to PostgreSQL server: server closed the connection unexpectedly
	This probably means the server terminated abnormally
	before or while processing the request.
#0 /home/nick/Documents/polka_web/vendor/codeigniter4/framework/system/Database/BaseConnection.php(625): CodeIgniter\Database\BaseConnection->initialize()
#1 /home/nick/Documents/polka_web/vendor/codeigniter4/framework/system/Database/BaseBuilder.php(1981): CodeIgniter\Database\BaseConnection->query()
#2 /home/nick/Documents/polka_web/vendor/codeigniter4/framework/system/Model.php(561): CodeIgniter\Database\BaseBuilder->countAllResults()
#3 /home/nick/Documents/polka_web/vendor/codeigniter4/framework/system/BaseModel.php(1147): CodeIgniter\Model->countAllResults()
#4 /home/nick/Documents/polka_web/app/Controllers/Pages.php(47): CodeIgniter\BaseModel->paginate()
#5 /home/nick/Documents/polka_web/vendor/codeigniter4/framework/system/CodeIgniter.php(931): App\Controllers\Pages->view()
#6 /home/nick/Documents/polka_web/vendor/codeigniter4/framework/system/CodeIgniter.php(439): CodeIgniter\CodeIgniter->runController()
#7 /home/nick/Documents/polka_web/vendor/codeigniter4/framework/system/CodeIgniter.php(339): CodeIgniter\CodeIgniter->handleRequest()
#8 /home/nick/Documents/polka_web/public/index.php(44): CodeIgniter\CodeIgniter->run()
#9 /home/nick/Documents/polka_web/vendor/codeigniter4/framework/system/Commands/Server/rewrite.php(45): require_once('/home/nick/Docu...')
#10 {main}
