CRITICAL - 2021-06-06 12:57:52 --> syntax error, unexpected end of file, expecting function (T_FUNCTION) or const (T_CONST)
#0 /Users/nick/Documents/ToolsShop/vendor/codeigniter4/framework/system/Router/Router.php(169): CodeIgniter\Router\Router->autoRoute('Pages/add')
#1 /Users/nick/Documents/ToolsShop/vendor/codeigniter4/framework/system/CodeIgniter.php(809): CodeIgniter\Router\Router->handle('Pages/add')
#2 /Users/nick/Documents/ToolsShop/vendor/codeigniter4/framework/system/CodeIgniter.php(389): CodeIgniter\CodeIgniter->tryToRouteIt(Object(CodeIgniter\Router\RouteCollection))
#3 /Users/nick/Documents/ToolsShop/vendor/codeigniter4/framework/system/CodeIgniter.php(336): CodeIgniter\CodeIgniter->handleRequest(NULL, Object(Config\Cache), false)
#4 /Users/nick/Documents/ToolsShop/public/index.php(44): CodeIgniter\CodeIgniter->run()
#5 /Users/nick/Documents/ToolsShop/vendor/codeigniter4/framework/system/Commands/Server/rewrite.php(45): require_once('/Users/nick/Doc...')
#6 {main}
CRITICAL - 2021-06-06 12:57:53 --> syntax error, unexpected end of file, expecting function (T_FUNCTION) or const (T_CONST)
#0 /Users/nick/Documents/ToolsShop/vendor/codeigniter4/framework/system/Router/Router.php(169): CodeIgniter\Router\Router->autoRoute('Pages/add')
#1 /Users/nick/Documents/ToolsShop/vendor/codeigniter4/framework/system/CodeIgniter.php(809): CodeIgniter\Router\Router->handle('Pages/add')
#2 /Users/nick/Documents/ToolsShop/vendor/codeigniter4/framework/system/CodeIgniter.php(389): CodeIgniter\CodeIgniter->tryToRouteIt(Object(CodeIgniter\Router\RouteCollection))
#3 /Users/nick/Documents/ToolsShop/vendor/codeigniter4/framework/system/CodeIgniter.php(336): CodeIgniter\CodeIgniter->handleRequest(NULL, Object(Config\Cache), false)
#4 /Users/nick/Documents/ToolsShop/public/index.php(44): CodeIgniter\CodeIgniter->run()
#5 /Users/nick/Documents/ToolsShop/vendor/codeigniter4/framework/system/Commands/Server/rewrite.php(45): require_once('/Users/nick/Doc...')
#6 {main}
CRITICAL - 2021-06-06 12:58:05 --> syntax error, unexpected end of file, expecting function (T_FUNCTION) or const (T_CONST)
#0 /Users/nick/Documents/ToolsShop/vendor/codeigniter4/framework/system/Router/Router.php(169): CodeIgniter\Router\Router->autoRoute('Pages/add')
#1 /Users/nick/Documents/ToolsShop/vendor/codeigniter4/framework/system/CodeIgniter.php(809): CodeIgniter\Router\Router->handle('Pages/add')
#2 /Users/nick/Documents/ToolsShop/vendor/codeigniter4/framework/system/CodeIgniter.php(389): CodeIgniter\CodeIgniter->tryToRouteIt(Object(CodeIgniter\Router\RouteCollection))
#3 /Users/nick/Documents/ToolsShop/vendor/codeigniter4/framework/system/CodeIgniter.php(336): CodeIgniter\CodeIgniter->handleRequest(NULL, Object(Config\Cache), false)
#4 /Users/nick/Documents/ToolsShop/public/index.php(44): CodeIgniter\CodeIgniter->run()
#5 /Users/nick/Documents/ToolsShop/vendor/codeigniter4/framework/system/Commands/Server/rewrite.php(45): require_once('/Users/nick/Doc...')
#6 {main}
CRITICAL - 2021-06-06 12:58:06 --> syntax error, unexpected end of file, expecting function (T_FUNCTION) or const (T_CONST)
#0 /Users/nick/Documents/ToolsShop/vendor/codeigniter4/framework/system/Router/Router.php(169): CodeIgniter\Router\Router->autoRoute('Pages/add')
#1 /Users/nick/Documents/ToolsShop/vendor/codeigniter4/framework/system/CodeIgniter.php(809): CodeIgniter\Router\Router->handle('Pages/add')
#2 /Users/nick/Documents/ToolsShop/vendor/codeigniter4/framework/system/CodeIgniter.php(389): CodeIgniter\CodeIgniter->tryToRouteIt(Object(CodeIgniter\Router\RouteCollection))
#3 /Users/nick/Documents/ToolsShop/vendor/codeigniter4/framework/system/CodeIgniter.php(336): CodeIgniter\CodeIgniter->handleRequest(NULL, Object(Config\Cache), false)
#4 /Users/nick/Documents/ToolsShop/public/index.php(44): CodeIgniter\CodeIgniter->run()
#5 /Users/nick/Documents/ToolsShop/vendor/codeigniter4/framework/system/Commands/Server/rewrite.php(45): require_once('/Users/nick/Doc...')
#6 {main}
CRITICAL - 2021-06-06 12:58:47 --> syntax error, unexpected end of file, expecting function (T_FUNCTION) or const (T_CONST)
#0 /Users/nick/Documents/ToolsShop/vendor/codeigniter4/framework/system/Router/Router.php(169): CodeIgniter\Router\Router->autoRoute('Pages/add')
#1 /Users/nick/Documents/ToolsShop/vendor/codeigniter4/framework/system/CodeIgniter.php(809): CodeIgniter\Router\Router->handle('Pages/add')
#2 /Users/nick/Documents/ToolsShop/vendor/codeigniter4/framework/system/CodeIgniter.php(389): CodeIgniter\CodeIgniter->tryToRouteIt(Object(CodeIgniter\Router\RouteCollection))
#3 /Users/nick/Documents/ToolsShop/vendor/codeigniter4/framework/system/CodeIgniter.php(336): CodeIgniter\CodeIgniter->handleRequest(NULL, Object(Config\Cache), false)
#4 /Users/nick/Documents/ToolsShop/public/index.php(44): CodeIgniter\CodeIgniter->run()
#5 /Users/nick/Documents/ToolsShop/vendor/codeigniter4/framework/system/Commands/Server/rewrite.php(45): require_once('/Users/nick/Doc...')
#6 {main}
CRITICAL - 2021-06-06 12:58:47 --> syntax error, unexpected end of file, expecting function (T_FUNCTION) or const (T_CONST)
#0 /Users/nick/Documents/ToolsShop/vendor/codeigniter4/framework/system/Router/Router.php(169): CodeIgniter\Router\Router->autoRoute('Pages/add')
#1 /Users/nick/Documents/ToolsShop/vendor/codeigniter4/framework/system/CodeIgniter.php(809): CodeIgniter\Router\Router->handle('Pages/add')
#2 /Users/nick/Documents/ToolsShop/vendor/codeigniter4/framework/system/CodeIgniter.php(389): CodeIgniter\CodeIgniter->tryToRouteIt(Object(CodeIgniter\Router\RouteCollection))
#3 /Users/nick/Documents/ToolsShop/vendor/codeigniter4/framework/system/CodeIgniter.php(336): CodeIgniter\CodeIgniter->handleRequest(NULL, Object(Config\Cache), false)
#4 /Users/nick/Documents/ToolsShop/public/index.php(44): CodeIgniter\CodeIgniter->run()
#5 /Users/nick/Documents/ToolsShop/vendor/codeigniter4/framework/system/Commands/Server/rewrite.php(45): require_once('/Users/nick/Doc...')
#6 {main}
ERROR - 2021-06-06 12:59:47 --> ErrorException: pg_query(): Query failed: ERROR:  null value in column &quot;Name&quot; of relation &quot;Tools&quot; violates not-null constraint
DETAIL:  Failing row contains (6, null, anal drill, 9999, http://polka.tplinkdns.com:9000/neyandexmarket//file205391.png). in /Users/nick/Documents/ToolsShop/vendor/codeigniter4/framework/system/Database/Postgre/Connection.php:170
Stack trace:
#0 [internal function]: CodeIgniter\Debug\Exceptions->errorHandler(2, 'pg_query(): Que...', '/Users/nick/Doc...', 170, Array)
#1 /Users/nick/Documents/ToolsShop/vendor/codeigniter4/framework/system/Database/Postgre/Connection.php(170): pg_query(Resource id #157, 'INSERT INTO "To...')
#2 /Users/nick/Documents/ToolsShop/vendor/codeigniter4/framework/system/Database/BaseConnection.php(732): CodeIgniter\Database\Postgre\Connection->execute('INSERT INTO "To...')
#3 /Users/nick/Documents/ToolsShop/vendor/codeigniter4/framework/system/Database/BaseConnection.php(647): CodeIgniter\Database\BaseConnection->simpleQuery('INSERT INTO "To...')
#4 /Users/nick/Documents/ToolsShop/vendor/codeigniter4/framework/system/Database/BaseBuilder.php(2277): CodeIgniter\Database\BaseConnection->query('INSERT INTO "To...', Array, false)
#5 /Users/nick/Documents/ToolsShop/vendor/codeigniter4/framework/system/Model.php(259): CodeIgniter\Database\BaseBuilder->insert()
#6 /Users/nick/Documents/ToolsShop/vendor/codeigniter4/framework/system/BaseModel.php(774): CodeIgniter\Model->doInsert(Array)
#7 /Users/nick/Documents/ToolsShop/vendor/codeigniter4/framework/system/Model.php(686): CodeIgniter\BaseModel->insert(Array, false)
#8 /Users/nick/Documents/ToolsShop/vendor/codeigniter4/framework/system/BaseModel.php(687): CodeIgniter\Model->insert(Array, false)
#9 /Users/nick/Documents/ToolsShop/app/Controllers/Pages.php(98): CodeIgniter\BaseModel->save(Array)
#10 /Users/nick/Documents/ToolsShop/vendor/codeigniter4/framework/system/CodeIgniter.php(928): App\Controllers\Pages->add()
#11 /Users/nick/Documents/ToolsShop/vendor/codeigniter4/framework/system/CodeIgniter.php(436): CodeIgniter\CodeIgniter->runController(Object(App\Controllers\Pages))
#12 /Users/nick/Documents/ToolsShop/vendor/codeigniter4/framework/system/CodeIgniter.php(336): CodeIgniter\CodeIgniter->handleRequest(NULL, Object(Config\Cache), false)
#13 /Users/nick/Documents/ToolsShop/public/index.php(44): CodeIgniter\CodeIgniter->run()
#14 /Users/nick/Documents/ToolsShop/vendor/codeigniter4/framework/system/Commands/Server/rewrite.php(45): require_once('/Users/nick/Doc...')
#15 {main}
