ERROR - 2021-06-12 00:03:24 --> Error connecting to the database: pg_connect(): Unable to connect to PostgreSQL server: server closed the connection unexpectedly
	This probably means the server terminated abnormally
	before or while processing the request.
CRITICAL - 2021-06-12 00:03:24 --> Unable to connect to the database.
Main connection [Postgre]: pg_connect(): Unable to connect to PostgreSQL server: server closed the connection unexpectedly
	This probably means the server terminated abnormally
	before or while processing the request.
#0 /home/nick/Documents/polka_web/vendor/codeigniter4/framework/system/Database/BaseConnection.php(625): CodeIgniter\Database\BaseConnection->initialize()
#1 /home/nick/Documents/polka_web/vendor/codeigniter4/framework/system/Database/BaseBuilder.php(1981): CodeIgniter\Database\BaseConnection->query()
#2 /home/nick/Documents/polka_web/vendor/codeigniter4/framework/system/Model.php(561): CodeIgniter\Database\BaseBuilder->countAllResults()
#3 /home/nick/Documents/polka_web/vendor/codeigniter4/framework/system/BaseModel.php(1147): CodeIgniter\Model->countAllResults()
#4 /home/nick/Documents/polka_web/app/Controllers/Pages.php(47): CodeIgniter\BaseModel->paginate()
#5 /home/nick/Documents/polka_web/vendor/codeigniter4/framework/system/CodeIgniter.php(931): App\Controllers\Pages->view()
#6 /home/nick/Documents/polka_web/vendor/codeigniter4/framework/system/CodeIgniter.php(439): CodeIgniter\CodeIgniter->runController()
#7 /home/nick/Documents/polka_web/vendor/codeigniter4/framework/system/CodeIgniter.php(339): CodeIgniter\CodeIgniter->handleRequest()
#8 /home/nick/Documents/polka_web/public/index.php(44): CodeIgniter\CodeIgniter->run()
#9 /home/nick/Documents/polka_web/vendor/codeigniter4/framework/system/Commands/Server/rewrite.php(45): require_once('/home/nick/Docu...')
#10 {main}
ERROR - 2021-06-12 00:09:17 --> Error connecting to the database: pg_connect(): Unable to connect to PostgreSQL server: server closed the connection unexpectedly
	This probably means the server terminated abnormally
	before or while processing the request.
CRITICAL - 2021-06-12 00:09:17 --> Unable to connect to the database.
Main connection [Postgre]: pg_connect(): Unable to connect to PostgreSQL server: server closed the connection unexpectedly
	This probably means the server terminated abnormally
	before or while processing the request.
#0 /home/nick/Documents/polka_web/vendor/codeigniter4/framework/system/Database/BaseConnection.php(625): CodeIgniter\Database\BaseConnection->initialize()
#1 /home/nick/Documents/polka_web/vendor/codeigniter4/framework/system/Database/BaseBuilder.php(1981): CodeIgniter\Database\BaseConnection->query()
#2 /home/nick/Documents/polka_web/vendor/codeigniter4/framework/system/Model.php(561): CodeIgniter\Database\BaseBuilder->countAllResults()
#3 /home/nick/Documents/polka_web/vendor/codeigniter4/framework/system/BaseModel.php(1147): CodeIgniter\Model->countAllResults()
#4 /home/nick/Documents/polka_web/app/Controllers/Pages.php(47): CodeIgniter\BaseModel->paginate()
#5 /home/nick/Documents/polka_web/vendor/codeigniter4/framework/system/CodeIgniter.php(931): App\Controllers\Pages->view()
#6 /home/nick/Documents/polka_web/vendor/codeigniter4/framework/system/CodeIgniter.php(439): CodeIgniter\CodeIgniter->runController()
#7 /home/nick/Documents/polka_web/vendor/codeigniter4/framework/system/CodeIgniter.php(339): CodeIgniter\CodeIgniter->handleRequest()
#8 /home/nick/Documents/polka_web/public/index.php(44): CodeIgniter\CodeIgniter->run()
#9 /home/nick/Documents/polka_web/vendor/codeigniter4/framework/system/Commands/Server/rewrite.php(45): require_once('/home/nick/Docu...')
#10 {main}
ERROR - 2021-06-12 00:10:01 --> ErrorException: pg_query(): Query failed: ERROR:  relation &quot;users&quot; does not exist
LINE 2: FROM &quot;users&quot;
             ^ in /home/nick/Documents/polka_web/vendor/codeigniter4/framework/system/Database/Postgre/Connection.php:170
Stack trace:
#0 [internal function]: CodeIgniter\Debug\Exceptions->errorHandler()
#1 /home/nick/Documents/polka_web/vendor/codeigniter4/framework/system/Database/Postgre/Connection.php(170): pg_query()
#2 /home/nick/Documents/polka_web/vendor/codeigniter4/framework/system/Database/BaseConnection.php(732): CodeIgniter\Database\Postgre\Connection->execute()
#3 /home/nick/Documents/polka_web/vendor/codeigniter4/framework/system/Database/BaseConnection.php(647): CodeIgniter\Database\BaseConnection->simpleQuery()
#4 /home/nick/Documents/polka_web/vendor/codeigniter4/framework/system/Database/BaseBuilder.php(1881): CodeIgniter\Database\BaseConnection->query()
#5 /home/nick/Documents/polka_web/vendor/benedmunds/codeigniter-ion-auth/Models/IonAuthModel.php(892): CodeIgniter\Database\BaseBuilder->get()
#6 [internal function]: IonAuth\Models\IonAuthModel->login()
#7 /home/nick/Documents/polka_web/vendor/benedmunds/codeigniter-ion-auth/Libraries/IonAuth.php(104): call_user_func_array()
#8 /home/nick/Documents/polka_web/vendor/benedmunds/codeigniter-ion-auth/Controllers/Auth.php(138): IonAuth\Libraries\IonAuth->__call()
#9 /home/nick/Documents/polka_web/vendor/codeigniter4/framework/system/CodeIgniter.php(931): IonAuth\Controllers\Auth->login()
#10 /home/nick/Documents/polka_web/vendor/codeigniter4/framework/system/CodeIgniter.php(439): CodeIgniter\CodeIgniter->runController()
#11 /home/nick/Documents/polka_web/vendor/codeigniter4/framework/system/CodeIgniter.php(339): CodeIgniter\CodeIgniter->handleRequest()
#12 /home/nick/Documents/polka_web/public/index.php(44): CodeIgniter\CodeIgniter->run()
#13 /home/nick/Documents/polka_web/vendor/codeigniter4/framework/system/Commands/Server/rewrite.php(45): require_once('/home/nick/Docu...')
#14 {main}
ERROR - 2021-06-12 00:10:01 --> ErrorException: pg_query(): Query failed: ERROR:  relation &quot;login_attempts&quot; does not exist
LINE 2: FROM &quot;login_attempts&quot;
             ^ in /home/nick/Documents/polka_web/vendor/codeigniter4/framework/system/Database/Postgre/Connection.php:170
Stack trace:
#0 [internal function]: CodeIgniter\Debug\Exceptions->errorHandler()
#1 /home/nick/Documents/polka_web/vendor/codeigniter4/framework/system/Database/Postgre/Connection.php(170): pg_query()
#2 /home/nick/Documents/polka_web/vendor/codeigniter4/framework/system/Database/BaseConnection.php(732): CodeIgniter\Database\Postgre\Connection->execute()
#3 /home/nick/Documents/polka_web/vendor/codeigniter4/framework/system/Database/BaseConnection.php(647): CodeIgniter\Database\BaseConnection->simpleQuery()
#4 /home/nick/Documents/polka_web/vendor/codeigniter4/framework/system/Database/BaseBuilder.php(1981): CodeIgniter\Database\BaseConnection->query()
#5 /home/nick/Documents/polka_web/vendor/benedmunds/codeigniter-ion-auth/Models/IonAuthModel.php(1058): CodeIgniter\Database\BaseBuilder->countAllResults()
#6 /home/nick/Documents/polka_web/vendor/benedmunds/codeigniter-ion-auth/Models/IonAuthModel.php(1024): IonAuth\Models\IonAuthModel->getAttemptsNum()
#7 /home/nick/Documents/polka_web/vendor/benedmunds/codeigniter-ion-auth/Models/IonAuthModel.php(894): IonAuth\Models\IonAuthModel->isMaxLoginAttemptsExceeded()
#8 [internal function]: IonAuth\Models\IonAuthModel->login()
#9 /home/nick/Documents/polka_web/vendor/benedmunds/codeigniter-ion-auth/Libraries/IonAuth.php(104): call_user_func_array()
#10 /home/nick/Documents/polka_web/vendor/benedmunds/codeigniter-ion-auth/Controllers/Auth.php(138): IonAuth\Libraries\IonAuth->__call()
#11 /home/nick/Documents/polka_web/vendor/codeigniter4/framework/system/CodeIgniter.php(931): IonAuth\Controllers\Auth->login()
#12 /home/nick/Documents/polka_web/vendor/codeigniter4/framework/system/CodeIgniter.php(439): CodeIgniter\CodeIgniter->runController()
#13 /home/nick/Documents/polka_web/vendor/codeigniter4/framework/system/CodeIgniter.php(339): CodeIgniter\CodeIgniter->handleRequest()
#14 /home/nick/Documents/polka_web/public/index.php(44): CodeIgniter\CodeIgniter->run()
#15 /home/nick/Documents/polka_web/vendor/codeigniter4/framework/system/Commands/Server/rewrite.php(45): require_once('/home/nick/Docu...')
#16 {main}
CRITICAL - 2021-06-12 00:10:01 --> Call to a member function getRow() on bool
#0 [internal function]: IonAuth\Models\IonAuthModel->login()
#1 /home/nick/Documents/polka_web/vendor/benedmunds/codeigniter-ion-auth/Libraries/IonAuth.php(104): call_user_func_array()
#2 /home/nick/Documents/polka_web/vendor/benedmunds/codeigniter-ion-auth/Controllers/Auth.php(138): IonAuth\Libraries\IonAuth->__call()
#3 /home/nick/Documents/polka_web/vendor/codeigniter4/framework/system/CodeIgniter.php(931): IonAuth\Controllers\Auth->login()
#4 /home/nick/Documents/polka_web/vendor/codeigniter4/framework/system/CodeIgniter.php(439): CodeIgniter\CodeIgniter->runController()
#5 /home/nick/Documents/polka_web/vendor/codeigniter4/framework/system/CodeIgniter.php(339): CodeIgniter\CodeIgniter->handleRequest()
#6 /home/nick/Documents/polka_web/public/index.php(44): CodeIgniter\CodeIgniter->run()
#7 /home/nick/Documents/polka_web/vendor/codeigniter4/framework/system/Commands/Server/rewrite.php(45): require_once('/home/nick/Docu...')
#8 {main}
ERROR - 2021-06-12 00:23:25 --> Error connecting to the database: pg_connect(): Unable to connect to PostgreSQL server: server closed the connection unexpectedly
	This probably means the server terminated abnormally
	before or while processing the request.
CRITICAL - 2021-06-12 00:23:25 --> Unable to connect to the database.
Main connection [Postgre]: pg_connect(): Unable to connect to PostgreSQL server: server closed the connection unexpectedly
	This probably means the server terminated abnormally
	before or while processing the request.
#0 /home/nick/Documents/polka_web/vendor/codeigniter4/framework/system/Database/BaseConnection.php(625): CodeIgniter\Database\BaseConnection->initialize()
#1 /home/nick/Documents/polka_web/vendor/codeigniter4/framework/system/Database/BaseBuilder.php(1981): CodeIgniter\Database\BaseConnection->query()
#2 /home/nick/Documents/polka_web/vendor/codeigniter4/framework/system/Model.php(561): CodeIgniter\Database\BaseBuilder->countAllResults()
#3 /home/nick/Documents/polka_web/vendor/codeigniter4/framework/system/BaseModel.php(1147): CodeIgniter\Model->countAllResults()
#4 /home/nick/Documents/polka_web/app/Controllers/Pages.php(47): CodeIgniter\BaseModel->paginate()
#5 /home/nick/Documents/polka_web/vendor/codeigniter4/framework/system/CodeIgniter.php(931): App\Controllers\Pages->view()
#6 /home/nick/Documents/polka_web/vendor/codeigniter4/framework/system/CodeIgniter.php(439): CodeIgniter\CodeIgniter->runController()
#7 /home/nick/Documents/polka_web/vendor/codeigniter4/framework/system/CodeIgniter.php(339): CodeIgniter\CodeIgniter->handleRequest()
#8 /home/nick/Documents/polka_web/public/index.php(44): CodeIgniter\CodeIgniter->run()
#9 /home/nick/Documents/polka_web/vendor/codeigniter4/framework/system/Commands/Server/rewrite.php(45): require_once('/home/nick/Docu...')
#10 {main}
CRITICAL - 2021-06-12 00:29:55 --> Class 'App\Controllers\ToolsModel' not found
#0 /home/nick/Documents/polka_web/vendor/codeigniter4/framework/system/CodeIgniter.php(931): App\Controllers\Pages->add()
#1 /home/nick/Documents/polka_web/vendor/codeigniter4/framework/system/CodeIgniter.php(439): CodeIgniter\CodeIgniter->runController()
#2 /home/nick/Documents/polka_web/vendor/codeigniter4/framework/system/CodeIgniter.php(339): CodeIgniter\CodeIgniter->handleRequest()
#3 /home/nick/Documents/polka_web/public/index.php(44): CodeIgniter\CodeIgniter->run()
#4 /home/nick/Documents/polka_web/vendor/codeigniter4/framework/system/Commands/Server/rewrite.php(45): require_once('/home/nick/Docu...')
#5 {main}
CRITICAL - 2021-06-12 00:37:55 --> syntax error, unexpected end of file, expecting elseif (T_ELSEIF) or else (T_ELSE) or endif (T_ENDIF)
#0 /home/nick/Documents/polka_web/vendor/codeigniter4/framework/system/View/View.php(232): CodeIgniter\View\View->CodeIgniter\View\{closure}()
#1 /home/nick/Documents/polka_web/vendor/codeigniter4/framework/system/Common.php(1250): CodeIgniter\View\View->render()
#2 /home/nick/Documents/polka_web/app/Controllers/Clients.php(52): view()
#3 /home/nick/Documents/polka_web/vendor/codeigniter4/framework/system/CodeIgniter.php(931): App\Controllers\Clients->all()
#4 /home/nick/Documents/polka_web/vendor/codeigniter4/framework/system/CodeIgniter.php(439): CodeIgniter\CodeIgniter->runController()
#5 /home/nick/Documents/polka_web/vendor/codeigniter4/framework/system/CodeIgniter.php(339): CodeIgniter\CodeIgniter->handleRequest()
#6 /home/nick/Documents/polka_web/public/index.php(44): CodeIgniter\CodeIgniter->run()
#7 /home/nick/Documents/polka_web/vendor/codeigniter4/framework/system/Commands/Server/rewrite.php(45): require_once('/home/nick/Docu...')
#8 {main}
ERROR - 2021-06-12 01:00:42 --> Error connecting to the database: pg_connect(): Unable to connect to PostgreSQL server: server closed the connection unexpectedly
	This probably means the server terminated abnormally
	before or while processing the request.
CRITICAL - 2021-06-12 01:00:42 --> Unable to connect to the database.
Main connection [Postgre]: pg_connect(): Unable to connect to PostgreSQL server: server closed the connection unexpectedly
	This probably means the server terminated abnormally
	before or while processing the request.
#0 /home/nick/Documents/polka_web/vendor/codeigniter4/framework/system/Database/BaseConnection.php(625): CodeIgniter\Database\BaseConnection->initialize()
#1 /home/nick/Documents/polka_web/vendor/codeigniter4/framework/system/Database/BaseBuilder.php(1981): CodeIgniter\Database\BaseConnection->query()
#2 /home/nick/Documents/polka_web/vendor/codeigniter4/framework/system/Model.php(561): CodeIgniter\Database\BaseBuilder->countAllResults()
#3 /home/nick/Documents/polka_web/vendor/codeigniter4/framework/system/BaseModel.php(1147): CodeIgniter\Model->countAllResults()
#4 /home/nick/Documents/polka_web/app/Controllers/Clients.php(46): CodeIgniter\BaseModel->paginate()
#5 /home/nick/Documents/polka_web/vendor/codeigniter4/framework/system/CodeIgniter.php(931): App\Controllers\Clients->all()
#6 /home/nick/Documents/polka_web/vendor/codeigniter4/framework/system/CodeIgniter.php(439): CodeIgniter\CodeIgniter->runController()
#7 /home/nick/Documents/polka_web/vendor/codeigniter4/framework/system/CodeIgniter.php(339): CodeIgniter\CodeIgniter->handleRequest()
#8 /home/nick/Documents/polka_web/public/index.php(44): CodeIgniter\CodeIgniter->run()
#9 /home/nick/Documents/polka_web/vendor/codeigniter4/framework/system/Commands/Server/rewrite.php(45): require_once('/home/nick/Docu...')
#10 {main}
ERROR - 2021-06-12 01:06:25 --> ErrorException: pg_query(): Query failed: ERROR:  invalid input syntax for type integer: &quot;Ахмитов Кирилл Русланович 1&quot;
LINE 2: WHERE &quot;id&quot; IN ('Ахмитов Кирилл Русланович 1')
                       ^ in /home/nick/Documents/polka_web/vendor/codeigniter4/framework/system/Database/Postgre/Connection.php:170
Stack trace:
#0 [internal function]: CodeIgniter\Debug\Exceptions->errorHandler()
#1 /home/nick/Documents/polka_web/vendor/codeigniter4/framework/system/Database/Postgre/Connection.php(170): pg_query()
#2 /home/nick/Documents/polka_web/vendor/codeigniter4/framework/system/Database/BaseConnection.php(732): CodeIgniter\Database\Postgre\Connection->execute()
#3 /home/nick/Documents/polka_web/vendor/codeigniter4/framework/system/Database/BaseConnection.php(647): CodeIgniter\Database\BaseConnection->simpleQuery()
#4 /home/nick/Documents/polka_web/vendor/codeigniter4/framework/system/Database/BaseBuilder.php(2881): CodeIgniter\Database\BaseConnection->query()
#5 /home/nick/Documents/polka_web/vendor/codeigniter4/framework/system/Database/Postgre/Builder.php(253): CodeIgniter\Database\BaseBuilder->delete()
#6 /home/nick/Documents/polka_web/vendor/codeigniter4/framework/system/Model.php(392): CodeIgniter\Database\Postgre\Builder->delete()
#7 /home/nick/Documents/polka_web/vendor/codeigniter4/framework/system/BaseModel.php(1025): CodeIgniter\Model->doDelete()
#8 /home/nick/Documents/polka_web/app/Controllers/Clients.php(63): CodeIgniter\BaseModel->delete()
#9 /home/nick/Documents/polka_web/vendor/codeigniter4/framework/system/CodeIgniter.php(931): App\Controllers\Clients->delete()
#10 /home/nick/Documents/polka_web/vendor/codeigniter4/framework/system/CodeIgniter.php(439): CodeIgniter\CodeIgniter->runController()
#11 /home/nick/Documents/polka_web/vendor/codeigniter4/framework/system/CodeIgniter.php(339): CodeIgniter\CodeIgniter->handleRequest()
#12 /home/nick/Documents/polka_web/public/index.php(44): CodeIgniter\CodeIgniter->run()
#13 /home/nick/Documents/polka_web/vendor/codeigniter4/framework/system/Commands/Server/rewrite.php(45): require_once('/home/nick/Docu...')
#14 {main}
ERROR - 2021-06-12 01:06:33 --> ErrorException: pg_query(): Query failed: ERROR:  invalid input syntax for type integer: &quot;Бардаков Павел Дмитриевич 1&quot;
LINE 2: WHERE &quot;id&quot; IN ('Бардаков Павел Дмитриевич 1')
                       ^ in /home/nick/Documents/polka_web/vendor/codeigniter4/framework/system/Database/Postgre/Connection.php:170
Stack trace:
#0 [internal function]: CodeIgniter\Debug\Exceptions->errorHandler()
#1 /home/nick/Documents/polka_web/vendor/codeigniter4/framework/system/Database/Postgre/Connection.php(170): pg_query()
#2 /home/nick/Documents/polka_web/vendor/codeigniter4/framework/system/Database/BaseConnection.php(732): CodeIgniter\Database\Postgre\Connection->execute()
#3 /home/nick/Documents/polka_web/vendor/codeigniter4/framework/system/Database/BaseConnection.php(647): CodeIgniter\Database\BaseConnection->simpleQuery()
#4 /home/nick/Documents/polka_web/vendor/codeigniter4/framework/system/Database/BaseBuilder.php(2881): CodeIgniter\Database\BaseConnection->query()
#5 /home/nick/Documents/polka_web/vendor/codeigniter4/framework/system/Database/Postgre/Builder.php(253): CodeIgniter\Database\BaseBuilder->delete()
#6 /home/nick/Documents/polka_web/vendor/codeigniter4/framework/system/Model.php(392): CodeIgniter\Database\Postgre\Builder->delete()
#7 /home/nick/Documents/polka_web/vendor/codeigniter4/framework/system/BaseModel.php(1025): CodeIgniter\Model->doDelete()
#8 /home/nick/Documents/polka_web/app/Controllers/Clients.php(63): CodeIgniter\BaseModel->delete()
#9 /home/nick/Documents/polka_web/vendor/codeigniter4/framework/system/CodeIgniter.php(931): App\Controllers\Clients->delete()
#10 /home/nick/Documents/polka_web/vendor/codeigniter4/framework/system/CodeIgniter.php(439): CodeIgniter\CodeIgniter->runController()
#11 /home/nick/Documents/polka_web/vendor/codeigniter4/framework/system/CodeIgniter.php(339): CodeIgniter\CodeIgniter->handleRequest()
#12 /home/nick/Documents/polka_web/public/index.php(44): CodeIgniter\CodeIgniter->run()
#13 /home/nick/Documents/polka_web/vendor/codeigniter4/framework/system/Commands/Server/rewrite.php(45): require_once('/home/nick/Docu...')
#14 {main}
ERROR - 2021-06-12 01:06:33 --> ErrorException: pg_query(): Query failed: ERROR:  invalid input syntax for type integer: &quot;Бардаков Павел Дмитриевич 1&quot;
LINE 2: WHERE &quot;id&quot; IN ('Бардаков Павел Дмитриевич 1')
                       ^ in /home/nick/Documents/polka_web/vendor/codeigniter4/framework/system/Database/Postgre/Connection.php:170
Stack trace:
#0 [internal function]: CodeIgniter\Debug\Exceptions->errorHandler()
#1 /home/nick/Documents/polka_web/vendor/codeigniter4/framework/system/Database/Postgre/Connection.php(170): pg_query()
#2 /home/nick/Documents/polka_web/vendor/codeigniter4/framework/system/Database/BaseConnection.php(732): CodeIgniter\Database\Postgre\Connection->execute()
#3 /home/nick/Documents/polka_web/vendor/codeigniter4/framework/system/Database/BaseConnection.php(647): CodeIgniter\Database\BaseConnection->simpleQuery()
#4 /home/nick/Documents/polka_web/vendor/codeigniter4/framework/system/Database/BaseBuilder.php(2881): CodeIgniter\Database\BaseConnection->query()
#5 /home/nick/Documents/polka_web/vendor/codeigniter4/framework/system/Database/Postgre/Builder.php(253): CodeIgniter\Database\BaseBuilder->delete()
#6 /home/nick/Documents/polka_web/vendor/codeigniter4/framework/system/Model.php(392): CodeIgniter\Database\Postgre\Builder->delete()
#7 /home/nick/Documents/polka_web/vendor/codeigniter4/framework/system/BaseModel.php(1025): CodeIgniter\Model->doDelete()
#8 /home/nick/Documents/polka_web/app/Controllers/Clients.php(63): CodeIgniter\BaseModel->delete()
#9 /home/nick/Documents/polka_web/vendor/codeigniter4/framework/system/CodeIgniter.php(931): App\Controllers\Clients->delete()
#10 /home/nick/Documents/polka_web/vendor/codeigniter4/framework/system/CodeIgniter.php(439): CodeIgniter\CodeIgniter->runController()
#11 /home/nick/Documents/polka_web/vendor/codeigniter4/framework/system/CodeIgniter.php(339): CodeIgniter\CodeIgniter->handleRequest()
#12 /home/nick/Documents/polka_web/public/index.php(44): CodeIgniter\CodeIgniter->run()
#13 /home/nick/Documents/polka_web/vendor/codeigniter4/framework/system/Commands/Server/rewrite.php(45): require_once('/home/nick/Docu...')
#14 {main}
ERROR - 2021-06-12 01:06:34 --> ErrorException: pg_query(): Query failed: ERROR:  invalid input syntax for type integer: &quot;Бардаков Павел Дмитриевич 1&quot;
LINE 2: WHERE &quot;id&quot; IN ('Бардаков Павел Дмитриевич 1')
                       ^ in /home/nick/Documents/polka_web/vendor/codeigniter4/framework/system/Database/Postgre/Connection.php:170
Stack trace:
#0 [internal function]: CodeIgniter\Debug\Exceptions->errorHandler()
#1 /home/nick/Documents/polka_web/vendor/codeigniter4/framework/system/Database/Postgre/Connection.php(170): pg_query()
#2 /home/nick/Documents/polka_web/vendor/codeigniter4/framework/system/Database/BaseConnection.php(732): CodeIgniter\Database\Postgre\Connection->execute()
#3 /home/nick/Documents/polka_web/vendor/codeigniter4/framework/system/Database/BaseConnection.php(647): CodeIgniter\Database\BaseConnection->simpleQuery()
#4 /home/nick/Documents/polka_web/vendor/codeigniter4/framework/system/Database/BaseBuilder.php(2881): CodeIgniter\Database\BaseConnection->query()
#5 /home/nick/Documents/polka_web/vendor/codeigniter4/framework/system/Database/Postgre/Builder.php(253): CodeIgniter\Database\BaseBuilder->delete()
#6 /home/nick/Documents/polka_web/vendor/codeigniter4/framework/system/Model.php(392): CodeIgniter\Database\Postgre\Builder->delete()
#7 /home/nick/Documents/polka_web/vendor/codeigniter4/framework/system/BaseModel.php(1025): CodeIgniter\Model->doDelete()
#8 /home/nick/Documents/polka_web/app/Controllers/Clients.php(63): CodeIgniter\BaseModel->delete()
#9 /home/nick/Documents/polka_web/vendor/codeigniter4/framework/system/CodeIgniter.php(931): App\Controllers\Clients->delete()
#10 /home/nick/Documents/polka_web/vendor/codeigniter4/framework/system/CodeIgniter.php(439): CodeIgniter\CodeIgniter->runController()
#11 /home/nick/Documents/polka_web/vendor/codeigniter4/framework/system/CodeIgniter.php(339): CodeIgniter\CodeIgniter->handleRequest()
#12 /home/nick/Documents/polka_web/public/index.php(44): CodeIgniter\CodeIgniter->run()
#13 /home/nick/Documents/polka_web/vendor/codeigniter4/framework/system/Commands/Server/rewrite.php(45): require_once('/home/nick/Docu...')
#14 {main}
ERROR - 2021-06-12 01:06:34 --> ErrorException: pg_query(): Query failed: ERROR:  invalid input syntax for type integer: &quot;Бардаков Павел Дмитриевич 1&quot;
LINE 2: WHERE &quot;id&quot; IN ('Бардаков Павел Дмитриевич 1')
                       ^ in /home/nick/Documents/polka_web/vendor/codeigniter4/framework/system/Database/Postgre/Connection.php:170
Stack trace:
#0 [internal function]: CodeIgniter\Debug\Exceptions->errorHandler()
#1 /home/nick/Documents/polka_web/vendor/codeigniter4/framework/system/Database/Postgre/Connection.php(170): pg_query()
#2 /home/nick/Documents/polka_web/vendor/codeigniter4/framework/system/Database/BaseConnection.php(732): CodeIgniter\Database\Postgre\Connection->execute()
#3 /home/nick/Documents/polka_web/vendor/codeigniter4/framework/system/Database/BaseConnection.php(647): CodeIgniter\Database\BaseConnection->simpleQuery()
#4 /home/nick/Documents/polka_web/vendor/codeigniter4/framework/system/Database/BaseBuilder.php(2881): CodeIgniter\Database\BaseConnection->query()
#5 /home/nick/Documents/polka_web/vendor/codeigniter4/framework/system/Database/Postgre/Builder.php(253): CodeIgniter\Database\BaseBuilder->delete()
#6 /home/nick/Documents/polka_web/vendor/codeigniter4/framework/system/Model.php(392): CodeIgniter\Database\Postgre\Builder->delete()
#7 /home/nick/Documents/polka_web/vendor/codeigniter4/framework/system/BaseModel.php(1025): CodeIgniter\Model->doDelete()
#8 /home/nick/Documents/polka_web/app/Controllers/Clients.php(63): CodeIgniter\BaseModel->delete()
#9 /home/nick/Documents/polka_web/vendor/codeigniter4/framework/system/CodeIgniter.php(931): App\Controllers\Clients->delete()
#10 /home/nick/Documents/polka_web/vendor/codeigniter4/framework/system/CodeIgniter.php(439): CodeIgniter\CodeIgniter->runController()
#11 /home/nick/Documents/polka_web/vendor/codeigniter4/framework/system/CodeIgniter.php(339): CodeIgniter\CodeIgniter->handleRequest()
#12 /home/nick/Documents/polka_web/public/index.php(44): CodeIgniter\CodeIgniter->run()
#13 /home/nick/Documents/polka_web/vendor/codeigniter4/framework/system/Commands/Server/rewrite.php(45): require_once('/home/nick/Docu...')
#14 {main}
ERROR - 2021-06-12 01:07:10 --> ErrorException: pg_query(): Query failed: ERROR:  invalid input syntax for type integer: &quot;Бардаков Павел Дмитриевич 1&quot;
LINE 2: WHERE &quot;id&quot; IN ('Бардаков Павел Дмитриевич 1')
                       ^ in /home/nick/Documents/polka_web/vendor/codeigniter4/framework/system/Database/Postgre/Connection.php:170
Stack trace:
#0 [internal function]: CodeIgniter\Debug\Exceptions->errorHandler()
#1 /home/nick/Documents/polka_web/vendor/codeigniter4/framework/system/Database/Postgre/Connection.php(170): pg_query()
#2 /home/nick/Documents/polka_web/vendor/codeigniter4/framework/system/Database/BaseConnection.php(732): CodeIgniter\Database\Postgre\Connection->execute()
#3 /home/nick/Documents/polka_web/vendor/codeigniter4/framework/system/Database/BaseConnection.php(647): CodeIgniter\Database\BaseConnection->simpleQuery()
#4 /home/nick/Documents/polka_web/vendor/codeigniter4/framework/system/Database/BaseBuilder.php(2881): CodeIgniter\Database\BaseConnection->query()
#5 /home/nick/Documents/polka_web/vendor/codeigniter4/framework/system/Database/Postgre/Builder.php(253): CodeIgniter\Database\BaseBuilder->delete()
#6 /home/nick/Documents/polka_web/vendor/codeigniter4/framework/system/Model.php(392): CodeIgniter\Database\Postgre\Builder->delete()
#7 /home/nick/Documents/polka_web/vendor/codeigniter4/framework/system/BaseModel.php(1025): CodeIgniter\Model->doDelete()
#8 /home/nick/Documents/polka_web/app/Controllers/Clients.php(63): CodeIgniter\BaseModel->delete()
#9 /home/nick/Documents/polka_web/vendor/codeigniter4/framework/system/CodeIgniter.php(931): App\Controllers\Clients->delete()
#10 /home/nick/Documents/polka_web/vendor/codeigniter4/framework/system/CodeIgniter.php(439): CodeIgniter\CodeIgniter->runController()
#11 /home/nick/Documents/polka_web/vendor/codeigniter4/framework/system/CodeIgniter.php(339): CodeIgniter\CodeIgniter->handleRequest()
#12 /home/nick/Documents/polka_web/public/index.php(44): CodeIgniter\CodeIgniter->run()
#13 /home/nick/Documents/polka_web/vendor/codeigniter4/framework/system/Commands/Server/rewrite.php(45): require_once('/home/nick/Docu...')
#14 {main}
CRITICAL - 2021-06-12 01:12:23 --> Class 'App\Controllers\ToolsModel' not found
#0 /home/nick/Documents/polka_web/vendor/codeigniter4/framework/system/CodeIgniter.php(931): App\Controllers\Pages->add()
#1 /home/nick/Documents/polka_web/vendor/codeigniter4/framework/system/CodeIgniter.php(439): CodeIgniter\CodeIgniter->runController()
#2 /home/nick/Documents/polka_web/vendor/codeigniter4/framework/system/CodeIgniter.php(339): CodeIgniter\CodeIgniter->handleRequest()
#3 /home/nick/Documents/polka_web/public/index.php(44): CodeIgniter\CodeIgniter->run()
#4 /home/nick/Documents/polka_web/vendor/codeigniter4/framework/system/Commands/Server/rewrite.php(45): require_once('/home/nick/Docu...')
#5 {main}
