CRITICAL - 2021-05-26 03:25:44 --> Class 'App\Models\ItemModel' not found
#0 /Users/nick/Desktop/BeautySaloon/vendor/codeigniter4/framework/system/CodeIgniter.php(931): App\Controllers\Pages->view()
#1 /Users/nick/Desktop/BeautySaloon/vendor/codeigniter4/framework/system/CodeIgniter.php(439): CodeIgniter\CodeIgniter->runController(Object(App\Controllers\Pages))
#2 /Users/nick/Desktop/BeautySaloon/vendor/codeigniter4/framework/system/CodeIgniter.php(339): CodeIgniter\CodeIgniter->handleRequest(NULL, Object(Config\Cache), false)
#3 /Users/nick/Desktop/BeautySaloon/public/index.php(44): CodeIgniter\CodeIgniter->run()
#4 /Users/nick/Desktop/BeautySaloon/vendor/codeigniter4/framework/system/Commands/Server/rewrite.php(45): require_once('/Users/nick/Des...')
#5 {main}
CRITICAL - 2021-05-26 03:31:07 --> Invalid argument supplied for foreach()
#0 /Users/nick/Desktop/BeautySaloon/app/Views/pages/main.php(14): CodeIgniter\Debug\Exceptions->errorHandler(2, 'Invalid argumen...', '/Users/nick/Des...', 14, Array)
#1 /Users/nick/Desktop/BeautySaloon/vendor/codeigniter4/framework/system/View/View.php(230): include('/Users/nick/Des...')
#2 /Users/nick/Desktop/BeautySaloon/vendor/codeigniter4/framework/system/View/View.php(232): CodeIgniter\View\View->CodeIgniter\View\{closure}()
#3 /Users/nick/Desktop/BeautySaloon/vendor/codeigniter4/framework/system/Common.php(1250): CodeIgniter\View\View->render('pages/main', Array, true)
#4 /Users/nick/Desktop/BeautySaloon/app/Controllers/Pages.php(17): view('pages/main', Array)
#5 /Users/nick/Desktop/BeautySaloon/vendor/codeigniter4/framework/system/CodeIgniter.php(931): App\Controllers\Pages->view()
#6 /Users/nick/Desktop/BeautySaloon/vendor/codeigniter4/framework/system/CodeIgniter.php(439): CodeIgniter\CodeIgniter->runController(Object(App\Controllers\Pages))
#7 /Users/nick/Desktop/BeautySaloon/vendor/codeigniter4/framework/system/CodeIgniter.php(339): CodeIgniter\CodeIgniter->handleRequest(NULL, Object(Config\Cache), false)
#8 /Users/nick/Desktop/BeautySaloon/public/index.php(44): CodeIgniter\CodeIgniter->run()
#9 /Users/nick/Desktop/BeautySaloon/vendor/codeigniter4/framework/system/Commands/Server/rewrite.php(45): require_once('/Users/nick/Des...')
#10 {main}
CRITICAL - 2021-05-26 03:32:03 --> Invalid argument supplied for foreach()
#0 /Users/nick/Desktop/BeautySaloon/app/Views/pages/main.php(14): CodeIgniter\Debug\Exceptions->errorHandler(2, 'Invalid argumen...', '/Users/nick/Des...', 14, Array)
#1 /Users/nick/Desktop/BeautySaloon/vendor/codeigniter4/framework/system/View/View.php(230): include('/Users/nick/Des...')
#2 /Users/nick/Desktop/BeautySaloon/vendor/codeigniter4/framework/system/View/View.php(232): CodeIgniter\View\View->CodeIgniter\View\{closure}()
#3 /Users/nick/Desktop/BeautySaloon/vendor/codeigniter4/framework/system/Common.php(1250): CodeIgniter\View\View->render('pages/main', Array, true)
#4 /Users/nick/Desktop/BeautySaloon/app/Controllers/Pages.php(17): view('pages/main', Array)
#5 /Users/nick/Desktop/BeautySaloon/vendor/codeigniter4/framework/system/CodeIgniter.php(931): App\Controllers\Pages->view()
#6 /Users/nick/Desktop/BeautySaloon/vendor/codeigniter4/framework/system/CodeIgniter.php(439): CodeIgniter\CodeIgniter->runController(Object(App\Controllers\Pages))
#7 /Users/nick/Desktop/BeautySaloon/vendor/codeigniter4/framework/system/CodeIgniter.php(339): CodeIgniter\CodeIgniter->handleRequest(NULL, Object(Config\Cache), false)
#8 /Users/nick/Desktop/BeautySaloon/public/index.php(44): CodeIgniter\CodeIgniter->run()
#9 /Users/nick/Desktop/BeautySaloon/vendor/codeigniter4/framework/system/Commands/Server/rewrite.php(45): require_once('/Users/nick/Des...')
#10 {main}
CRITICAL - 2021-05-26 03:32:04 --> Invalid argument supplied for foreach()
#0 /Users/nick/Desktop/BeautySaloon/app/Views/pages/main.php(14): CodeIgniter\Debug\Exceptions->errorHandler(2, 'Invalid argumen...', '/Users/nick/Des...', 14, Array)
#1 /Users/nick/Desktop/BeautySaloon/vendor/codeigniter4/framework/system/View/View.php(230): include('/Users/nick/Des...')
#2 /Users/nick/Desktop/BeautySaloon/vendor/codeigniter4/framework/system/View/View.php(232): CodeIgniter\View\View->CodeIgniter\View\{closure}()
#3 /Users/nick/Desktop/BeautySaloon/vendor/codeigniter4/framework/system/Common.php(1250): CodeIgniter\View\View->render('pages/main', Array, true)
#4 /Users/nick/Desktop/BeautySaloon/app/Controllers/Pages.php(17): view('pages/main', Array)
#5 /Users/nick/Desktop/BeautySaloon/vendor/codeigniter4/framework/system/CodeIgniter.php(931): App\Controllers\Pages->view()
#6 /Users/nick/Desktop/BeautySaloon/vendor/codeigniter4/framework/system/CodeIgniter.php(439): CodeIgniter\CodeIgniter->runController(Object(App\Controllers\Pages))
#7 /Users/nick/Desktop/BeautySaloon/vendor/codeigniter4/framework/system/CodeIgniter.php(339): CodeIgniter\CodeIgniter->handleRequest(NULL, Object(Config\Cache), false)
#8 /Users/nick/Desktop/BeautySaloon/public/index.php(44): CodeIgniter\CodeIgniter->run()
#9 /Users/nick/Desktop/BeautySaloon/vendor/codeigniter4/framework/system/Commands/Server/rewrite.php(45): require_once('/Users/nick/Des...')
#10 {main}
ERROR - 2021-05-26 05:10:35 --> ErrorException: pg_query(): Query failed: ERROR:  column "Name" of relation "Reader" does not exist
LINE 1: INSERT INTO "Reader" ("Name", "Author") VALUES ('Искусство п...
                              ^ in /Users/nick/Desktop/BeautySaloon/vendor/codeigniter4/framework/system/Database/Postgre/Connection.php:170
Stack trace:
#0 [internal function]: CodeIgniter\Debug\Exceptions->errorHandler(2, 'pg_query(): Que...', '/Users/nick/Des...', 170, Array)
#1 /Users/nick/Desktop/BeautySaloon/vendor/codeigniter4/framework/system/Database/Postgre/Connection.php(170): pg_query(Resource id #187, 'INSERT INTO "Re...')
#2 /Users/nick/Desktop/BeautySaloon/vendor/codeigniter4/framework/system/Database/BaseConnection.php(732): CodeIgniter\Database\Postgre\Connection->execute('INSERT INTO "Re...')
#3 /Users/nick/Desktop/BeautySaloon/vendor/codeigniter4/framework/system/Database/BaseConnection.php(647): CodeIgniter\Database\BaseConnection->simpleQuery('INSERT INTO "Re...')
#4 /Users/nick/Desktop/BeautySaloon/vendor/codeigniter4/framework/system/Database/BaseBuilder.php(2277): CodeIgniter\Database\BaseConnection->query('INSERT INTO "Re...', Array, false)
#5 /Users/nick/Desktop/BeautySaloon/app/Database/Seeds/All.php(42): CodeIgniter\Database\BaseBuilder->insert(Array)
#6 /Users/nick/Desktop/BeautySaloon/vendor/codeigniter4/framework/system/Database/Seeder.php(171): App\Database\Seeds\All->run()
#7 /Users/nick/Desktop/BeautySaloon/vendor/codeigniter4/framework/system/Commands/Database/Seed.php(83): CodeIgniter\Database\Seeder->call('App\\Database\\Se...')
#8 /Users/nick/Desktop/BeautySaloon/vendor/codeigniter4/framework/system/CLI/Commands.php(67): CodeIgniter\Commands\Database\Seed->run(Array)
#9 /Users/nick/Desktop/BeautySaloon/vendor/codeigniter4/framework/system/CLI/CommandRunner.php(71): CodeIgniter\CLI\Commands->run('db:seed', Array)
#10 /Users/nick/Desktop/BeautySaloon/vendor/codeigniter4/framework/system/CLI/CommandRunner.php(56): CodeIgniter\CLI\CommandRunner->index(Array)
#11 /Users/nick/Desktop/BeautySaloon/vendor/codeigniter4/framework/system/CodeIgniter.php(927): CodeIgniter\CLI\CommandRunner->_remap('index', 'db:seed')
#12 /Users/nick/Desktop/BeautySaloon/vendor/codeigniter4/framework/system/CodeIgniter.php(439): CodeIgniter\CodeIgniter->runController(Object(CodeIgniter\CLI\CommandRunner))
#13 /Users/nick/Desktop/BeautySaloon/vendor/codeigniter4/framework/system/CodeIgniter.php(339): CodeIgniter\CodeIgniter->handleRequest(NULL, Object(Config\Cache), false)
#14 /Users/nick/Desktop/BeautySaloon/vendor/codeigniter4/framework/system/CLI/Console.php(61): CodeIgniter\CodeIgniter->run()
#15 /Users/nick/Desktop/BeautySaloon/spark(66): CodeIgniter\CLI\Console->run()
#16 {main}
