ERROR - 2021-05-30 02:15:13 --> Error connecting to the database: pg_connect(): Unable to connect to PostgreSQL server: could not connect to server: Connection refused
	Is the server running on host "188.225.83.42" and accepting
	TCP/IP connections on port 5432?
ERROR - 2021-05-30 02:15:32 --> Error connecting to the database: pg_connect(): Unable to connect to PostgreSQL server: FATAL:  database "instrumentRent" does not exist
ERROR - 2021-05-30 02:19:09 --> Error connecting to the database: pg_connect(): Unable to connect to PostgreSQL server: FATAL:  database "postgres1" does not exist
ERROR - 2021-05-30 03:21:13 --> ErrorException: pg_query(): Query failed: ERROR:  relation "Instance" does not exist in /Users/nick/Desktop/CorbaColex/vendor/codeigniter4/framework/system/Database/Postgre/Connection.php:170
Stack trace:
#0 [internal function]: CodeIgniter\Debug\Exceptions->errorHandler(2, 'pg_query(): Que...', '/Users/nick/Des...', 170, Array)
#1 /Users/nick/Desktop/CorbaColex/vendor/codeigniter4/framework/system/Database/Postgre/Connection.php(170): pg_query(Resource id #190, 'CREATE TABLE IF...')
#2 /Users/nick/Desktop/CorbaColex/vendor/codeigniter4/framework/system/Database/BaseConnection.php(732): CodeIgniter\Database\Postgre\Connection->execute('CREATE TABLE IF...')
#3 /Users/nick/Desktop/CorbaColex/vendor/codeigniter4/framework/system/Database/BaseConnection.php(647): CodeIgniter\Database\BaseConnection->simpleQuery('CREATE TABLE IF...')
#4 /Users/nick/Desktop/CorbaColex/vendor/codeigniter4/framework/system/Database/Forge.php(525): CodeIgniter\Database\BaseConnection->query('CREATE TABLE IF...')
#5 /Users/nick/Desktop/CorbaColex/app/Database/Migrations/2021-05-26-094005_BookClaim.php(24): CodeIgniter\Database\Forge->createTable('ToolClaim', true)
#6 /Users/nick/Desktop/CorbaColex/vendor/codeigniter4/framework/system/Database/MigrationRunner.php(1066): App\Database\Migrations\BookClaim->up()
#7 /Users/nick/Desktop/CorbaColex/vendor/codeigniter4/framework/system/Database/MigrationRunner.php(202): CodeIgniter\Database\MigrationRunner->migrate('up', Object(stdClass))
#8 /Users/nick/Desktop/CorbaColex/vendor/codeigniter4/framework/system/Commands/Database/Migrate.php(94): CodeIgniter\Database\MigrationRunner->latest(NULL)
#9 /Users/nick/Desktop/CorbaColex/vendor/codeigniter4/framework/system/CLI/Commands.php(67): CodeIgniter\Commands\Database\Migrate->run(Array)
#10 /Users/nick/Desktop/CorbaColex/vendor/codeigniter4/framework/system/CLI/CommandRunner.php(71): CodeIgniter\CLI\Commands->run('migrate', Array)
#11 /Users/nick/Desktop/CorbaColex/vendor/codeigniter4/framework/system/CLI/CommandRunner.php(56): CodeIgniter\CLI\CommandRunner->index(Array)
#12 /Users/nick/Desktop/CorbaColex/vendor/codeigniter4/framework/system/CodeIgniter.php(927): CodeIgniter\CLI\CommandRunner->_remap('index', 'migrate')
#13 /Users/nick/Desktop/CorbaColex/vendor/codeigniter4/framework/system/CodeIgniter.php(439): CodeIgniter\CodeIgniter->runController(Object(CodeIgniter\CLI\CommandRunner))
#14 /Users/nick/Desktop/CorbaColex/vendor/codeigniter4/framework/system/CodeIgniter.php(339): CodeIgniter\CodeIgniter->handleRequest(NULL, Object(Config\Cache), false)
#15 /Users/nick/Desktop/CorbaColex/vendor/codeigniter4/framework/system/CLI/Console.php(61): CodeIgniter\CodeIgniter->run()
#16 /Users/nick/Desktop/CorbaColex/spark(66): CodeIgniter\CLI\Console->run()
#17 {main}
ERROR - 2021-05-30 03:21:28 --> ErrorException: pg_query(): Query failed: ERROR:  relation "order" does not exist
LINE 1: INSERT INTO "order" ("id_tool", "wear_coef") VALUES ('3', '1...
                    ^ in /Users/nick/Desktop/CorbaColex/vendor/codeigniter4/framework/system/Database/Postgre/Connection.php:170
Stack trace:
#0 [internal function]: CodeIgniter\Debug\Exceptions->errorHandler(2, 'pg_query(): Que...', '/Users/nick/Des...', 170, Array)
#1 /Users/nick/Desktop/CorbaColex/vendor/codeigniter4/framework/system/Database/Postgre/Connection.php(170): pg_query(Resource id #187, 'INSERT INTO "or...')
#2 /Users/nick/Desktop/CorbaColex/vendor/codeigniter4/framework/system/Database/BaseConnection.php(732): CodeIgniter\Database\Postgre\Connection->execute('INSERT INTO "or...')
#3 /Users/nick/Desktop/CorbaColex/vendor/codeigniter4/framework/system/Database/BaseConnection.php(647): CodeIgniter\Database\BaseConnection->simpleQuery('INSERT INTO "or...')
#4 /Users/nick/Desktop/CorbaColex/vendor/codeigniter4/framework/system/Database/BaseBuilder.php(2277): CodeIgniter\Database\BaseConnection->query('INSERT INTO "or...', Array, false)
#5 /Users/nick/Desktop/CorbaColex/app/Database/Seeds/All.php(84): CodeIgniter\Database\BaseBuilder->insert(Array)
#6 /Users/nick/Desktop/CorbaColex/vendor/codeigniter4/framework/system/Database/Seeder.php(171): App\Database\Seeds\All->run()
#7 /Users/nick/Desktop/CorbaColex/vendor/codeigniter4/framework/system/Commands/Database/Seed.php(83): CodeIgniter\Database\Seeder->call('App\\Database\\Se...')
#8 /Users/nick/Desktop/CorbaColex/vendor/codeigniter4/framework/system/CLI/Commands.php(67): CodeIgniter\Commands\Database\Seed->run(Array)
#9 /Users/nick/Desktop/CorbaColex/vendor/codeigniter4/framework/system/CLI/CommandRunner.php(71): CodeIgniter\CLI\Commands->run('db:seed', Array)
#10 /Users/nick/Desktop/CorbaColex/vendor/codeigniter4/framework/system/CLI/CommandRunner.php(56): CodeIgniter\CLI\CommandRunner->index(Array)
#11 /Users/nick/Desktop/CorbaColex/vendor/codeigniter4/framework/system/CodeIgniter.php(927): CodeIgniter\CLI\CommandRunner->_remap('index', 'db:seed')
#12 /Users/nick/Desktop/CorbaColex/vendor/codeigniter4/framework/system/CodeIgniter.php(439): CodeIgniter\CodeIgniter->runController(Object(CodeIgniter\CLI\CommandRunner))
#13 /Users/nick/Desktop/CorbaColex/vendor/codeigniter4/framework/system/CodeIgniter.php(339): CodeIgniter\CodeIgniter->handleRequest(NULL, Object(Config\Cache), false)
#14 /Users/nick/Desktop/CorbaColex/vendor/codeigniter4/framework/system/CLI/Console.php(61): CodeIgniter\CodeIgniter->run()
#15 /Users/nick/Desktop/CorbaColex/spark(66): CodeIgniter\CLI\Console->run()
#16 {main}
ERROR - 2021-05-30 03:21:28 --> ErrorException: pg_query(): Query failed: ERROR:  relation "order" does not exist
LINE 1: INSERT INTO "order" ("id_tool", "wear_coef") VALUES ('4', '1...
                    ^ in /Users/nick/Desktop/CorbaColex/vendor/codeigniter4/framework/system/Database/Postgre/Connection.php:170
Stack trace:
#0 [internal function]: CodeIgniter\Debug\Exceptions->errorHandler(2, 'pg_query(): Que...', '/Users/nick/Des...', 170, Array)
#1 /Users/nick/Desktop/CorbaColex/vendor/codeigniter4/framework/system/Database/Postgre/Connection.php(170): pg_query(Resource id #187, 'INSERT INTO "or...')
#2 /Users/nick/Desktop/CorbaColex/vendor/codeigniter4/framework/system/Database/BaseConnection.php(732): CodeIgniter\Database\Postgre\Connection->execute('INSERT INTO "or...')
#3 /Users/nick/Desktop/CorbaColex/vendor/codeigniter4/framework/system/Database/BaseConnection.php(647): CodeIgniter\Database\BaseConnection->simpleQuery('INSERT INTO "or...')
#4 /Users/nick/Desktop/CorbaColex/vendor/codeigniter4/framework/system/Database/BaseBuilder.php(2277): CodeIgniter\Database\BaseConnection->query('INSERT INTO "or...', Array, false)
#5 /Users/nick/Desktop/CorbaColex/app/Database/Seeds/All.php(89): CodeIgniter\Database\BaseBuilder->insert(Array)
#6 /Users/nick/Desktop/CorbaColex/vendor/codeigniter4/framework/system/Database/Seeder.php(171): App\Database\Seeds\All->run()
#7 /Users/nick/Desktop/CorbaColex/vendor/codeigniter4/framework/system/Commands/Database/Seed.php(83): CodeIgniter\Database\Seeder->call('App\\Database\\Se...')
#8 /Users/nick/Desktop/CorbaColex/vendor/codeigniter4/framework/system/CLI/Commands.php(67): CodeIgniter\Commands\Database\Seed->run(Array)
#9 /Users/nick/Desktop/CorbaColex/vendor/codeigniter4/framework/system/CLI/CommandRunner.php(71): CodeIgniter\CLI\Commands->run('db:seed', Array)
#10 /Users/nick/Desktop/CorbaColex/vendor/codeigniter4/framework/system/CLI/CommandRunner.php(56): CodeIgniter\CLI\CommandRunner->index(Array)
#11 /Users/nick/Desktop/CorbaColex/vendor/codeigniter4/framework/system/CodeIgniter.php(927): CodeIgniter\CLI\CommandRunner->_remap('index', 'db:seed')
#12 /Users/nick/Desktop/CorbaColex/vendor/codeigniter4/framework/system/CodeIgniter.php(439): CodeIgniter\CodeIgniter->runController(Object(CodeIgniter\CLI\CommandRunner))
#13 /Users/nick/Desktop/CorbaColex/vendor/codeigniter4/framework/system/CodeIgniter.php(339): CodeIgniter\CodeIgniter->handleRequest(NULL, Object(Config\Cache), false)
#14 /Users/nick/Desktop/CorbaColex/vendor/codeigniter4/framework/system/CLI/Console.php(61): CodeIgniter\CodeIgniter->run()
#15 /Users/nick/Desktop/CorbaColex/spark(66): CodeIgniter\CLI\Console->run()
#16 {main}
ERROR - 2021-05-30 03:25:19 --> ErrorException: pg_query(): Query failed: ERROR:  relation "Instance" does not exist in /Users/nick/Desktop/CorbaColex/vendor/codeigniter4/framework/system/Database/Postgre/Connection.php:170
Stack trace:
#0 [internal function]: CodeIgniter\Debug\Exceptions->errorHandler(2, 'pg_query(): Que...', '/Users/nick/Des...', 170, Array)
#1 /Users/nick/Desktop/CorbaColex/vendor/codeigniter4/framework/system/Database/Postgre/Connection.php(170): pg_query(Resource id #190, 'CREATE TABLE IF...')
#2 /Users/nick/Desktop/CorbaColex/vendor/codeigniter4/framework/system/Database/BaseConnection.php(732): CodeIgniter\Database\Postgre\Connection->execute('CREATE TABLE IF...')
#3 /Users/nick/Desktop/CorbaColex/vendor/codeigniter4/framework/system/Database/BaseConnection.php(647): CodeIgniter\Database\BaseConnection->simpleQuery('CREATE TABLE IF...')
#4 /Users/nick/Desktop/CorbaColex/vendor/codeigniter4/framework/system/Database/Forge.php(525): CodeIgniter\Database\BaseConnection->query('CREATE TABLE IF...')
#5 /Users/nick/Desktop/CorbaColex/app/Database/Migrations/2021-05-30-082510_ToolsClaim.php(24): CodeIgniter\Database\Forge->createTable('ToolClaim', true)
#6 /Users/nick/Desktop/CorbaColex/vendor/codeigniter4/framework/system/Database/MigrationRunner.php(1066): App\Database\Migrations\ToolsClaim->up()
#7 /Users/nick/Desktop/CorbaColex/vendor/codeigniter4/framework/system/Database/MigrationRunner.php(202): CodeIgniter\Database\MigrationRunner->migrate('up', Object(stdClass))
#8 /Users/nick/Desktop/CorbaColex/vendor/codeigniter4/framework/system/Commands/Database/Migrate.php(94): CodeIgniter\Database\MigrationRunner->latest(NULL)
#9 /Users/nick/Desktop/CorbaColex/vendor/codeigniter4/framework/system/CLI/Commands.php(67): CodeIgniter\Commands\Database\Migrate->run(Array)
#10 /Users/nick/Desktop/CorbaColex/vendor/codeigniter4/framework/system/CLI/CommandRunner.php(71): CodeIgniter\CLI\Commands->run('migrate', Array)
#11 /Users/nick/Desktop/CorbaColex/vendor/codeigniter4/framework/system/CLI/CommandRunner.php(56): CodeIgniter\CLI\CommandRunner->index(Array)
#12 /Users/nick/Desktop/CorbaColex/vendor/codeigniter4/framework/system/CodeIgniter.php(927): CodeIgniter\CLI\CommandRunner->_remap('index', 'migrate')
#13 /Users/nick/Desktop/CorbaColex/vendor/codeigniter4/framework/system/CodeIgniter.php(439): CodeIgniter\CodeIgniter->runController(Object(CodeIgniter\CLI\CommandRunner))
#14 /Users/nick/Desktop/CorbaColex/vendor/codeigniter4/framework/system/CodeIgniter.php(339): CodeIgniter\CodeIgniter->handleRequest(NULL, Object(Config\Cache), false)
#15 /Users/nick/Desktop/CorbaColex/vendor/codeigniter4/framework/system/CLI/Console.php(61): CodeIgniter\CodeIgniter->run()
#16 /Users/nick/Desktop/CorbaColex/spark(66): CodeIgniter\CLI\Console->run()
#17 {main}
ERROR - 2021-05-30 03:27:53 --> ErrorException: pg_query(): Query failed: ERROR:  relation "Reader" does not exist in /Users/nick/Desktop/CorbaColex/vendor/codeigniter4/framework/system/Database/Postgre/Connection.php:170
Stack trace:
#0 [internal function]: CodeIgniter\Debug\Exceptions->errorHandler(2, 'pg_query(): Que...', '/Users/nick/Des...', 170, Array)
#1 /Users/nick/Desktop/CorbaColex/vendor/codeigniter4/framework/system/Database/Postgre/Connection.php(170): pg_query(Resource id #190, 'CREATE TABLE IF...')
#2 /Users/nick/Desktop/CorbaColex/vendor/codeigniter4/framework/system/Database/BaseConnection.php(732): CodeIgniter\Database\Postgre\Connection->execute('CREATE TABLE IF...')
#3 /Users/nick/Desktop/CorbaColex/vendor/codeigniter4/framework/system/Database/BaseConnection.php(647): CodeIgniter\Database\BaseConnection->simpleQuery('CREATE TABLE IF...')
#4 /Users/nick/Desktop/CorbaColex/vendor/codeigniter4/framework/system/Database/Forge.php(525): CodeIgniter\Database\BaseConnection->query('CREATE TABLE IF...')
#5 /Users/nick/Desktop/CorbaColex/app/Database/Migrations/2021-05-26-094005_BookClaim.php(24): CodeIgniter\Database\Forge->createTable('ToolClaim', true)
#6 /Users/nick/Desktop/CorbaColex/vendor/codeigniter4/framework/system/Database/MigrationRunner.php(1066): App\Database\Migrations\BookClaim->up()
#7 /Users/nick/Desktop/CorbaColex/vendor/codeigniter4/framework/system/Database/MigrationRunner.php(202): CodeIgniter\Database\MigrationRunner->migrate('up', Object(stdClass))
#8 /Users/nick/Desktop/CorbaColex/vendor/codeigniter4/framework/system/Commands/Database/Migrate.php(94): CodeIgniter\Database\MigrationRunner->latest(NULL)
#9 /Users/nick/Desktop/CorbaColex/vendor/codeigniter4/framework/system/CLI/Commands.php(67): CodeIgniter\Commands\Database\Migrate->run(Array)
#10 /Users/nick/Desktop/CorbaColex/vendor/codeigniter4/framework/system/CLI/CommandRunner.php(71): CodeIgniter\CLI\Commands->run('migrate', Array)
#11 /Users/nick/Desktop/CorbaColex/vendor/codeigniter4/framework/system/CLI/CommandRunner.php(56): CodeIgniter\CLI\CommandRunner->index(Array)
#12 /Users/nick/Desktop/CorbaColex/vendor/codeigniter4/framework/system/CodeIgniter.php(927): CodeIgniter\CLI\CommandRunner->_remap('index', 'migrate')
#13 /Users/nick/Desktop/CorbaColex/vendor/codeigniter4/framework/system/CodeIgniter.php(439): CodeIgniter\CodeIgniter->runController(Object(CodeIgniter\CLI\CommandRunner))
#14 /Users/nick/Desktop/CorbaColex/vendor/codeigniter4/framework/system/CodeIgniter.php(339): CodeIgniter\CodeIgniter->handleRequest(NULL, Object(Config\Cache), false)
#15 /Users/nick/Desktop/CorbaColex/vendor/codeigniter4/framework/system/CLI/Console.php(61): CodeIgniter\CodeIgniter->run()
#16 /Users/nick/Desktop/CorbaColex/spark(66): CodeIgniter\CLI\Console->run()
#17 {main}
ERROR - 2021-05-30 03:35:24 --> ErrorException: pg_query(): Query failed: ERROR:  relation "Reader" does not exist in /Users/nick/Desktop/CorbaColex/vendor/codeigniter4/framework/system/Database/Postgre/Connection.php:170
Stack trace:
#0 [internal function]: CodeIgniter\Debug\Exceptions->errorHandler(2, 'pg_query(): Que...', '/Users/nick/Des...', 170, Array)
#1 /Users/nick/Desktop/CorbaColex/vendor/codeigniter4/framework/system/Database/Postgre/Connection.php(170): pg_query(Resource id #190, 'CREATE TABLE IF...')
#2 /Users/nick/Desktop/CorbaColex/vendor/codeigniter4/framework/system/Database/BaseConnection.php(732): CodeIgniter\Database\Postgre\Connection->execute('CREATE TABLE IF...')
#3 /Users/nick/Desktop/CorbaColex/vendor/codeigniter4/framework/system/Database/BaseConnection.php(647): CodeIgniter\Database\BaseConnection->simpleQuery('CREATE TABLE IF...')
#4 /Users/nick/Desktop/CorbaColex/vendor/codeigniter4/framework/system/Database/Forge.php(525): CodeIgniter\Database\BaseConnection->query('CREATE TABLE IF...')
#5 /Users/nick/Desktop/CorbaColex/app/Database/Migrations/2021-05-26-094005_BookClaim.php(24): CodeIgniter\Database\Forge->createTable('ToolClaim', true)
#6 /Users/nick/Desktop/CorbaColex/vendor/codeigniter4/framework/system/Database/MigrationRunner.php(1066): App\Database\Migrations\BookClaim->up()
#7 /Users/nick/Desktop/CorbaColex/vendor/codeigniter4/framework/system/Database/MigrationRunner.php(202): CodeIgniter\Database\MigrationRunner->migrate('up', Object(stdClass))
#8 /Users/nick/Desktop/CorbaColex/vendor/codeigniter4/framework/system/Commands/Database/Migrate.php(94): CodeIgniter\Database\MigrationRunner->latest(NULL)
#9 /Users/nick/Desktop/CorbaColex/vendor/codeigniter4/framework/system/CLI/Commands.php(67): CodeIgniter\Commands\Database\Migrate->run(Array)
#10 /Users/nick/Desktop/CorbaColex/vendor/codeigniter4/framework/system/CLI/CommandRunner.php(71): CodeIgniter\CLI\Commands->run('migrate', Array)
#11 /Users/nick/Desktop/CorbaColex/vendor/codeigniter4/framework/system/CLI/CommandRunner.php(56): CodeIgniter\CLI\CommandRunner->index(Array)
#12 /Users/nick/Desktop/CorbaColex/vendor/codeigniter4/framework/system/CodeIgniter.php(927): CodeIgniter\CLI\CommandRunner->_remap('index', 'migrate')
#13 /Users/nick/Desktop/CorbaColex/vendor/codeigniter4/framework/system/CodeIgniter.php(439): CodeIgniter\CodeIgniter->runController(Object(CodeIgniter\CLI\CommandRunner))
#14 /Users/nick/Desktop/CorbaColex/vendor/codeigniter4/framework/system/CodeIgniter.php(339): CodeIgniter\CodeIgniter->handleRequest(NULL, Object(Config\Cache), false)
#15 /Users/nick/Desktop/CorbaColex/vendor/codeigniter4/framework/system/CLI/Console.php(61): CodeIgniter\CodeIgniter->run()
#16 /Users/nick/Desktop/CorbaColex/spark(66): CodeIgniter\CLI\Console->run()
#17 {main}
ERROR - 2021-05-30 03:46:09 --> ErrorException: pg_query(): Query failed: ERROR:  relation &quot;Reader&quot; does not exist
LINE 1: INSERT INTO &quot;Reader&quot; (&quot;FIO&quot;, &quot;picture_url&quot;) VALUES ('Nick Ni...
                    ^ in /Users/nick/Desktop/CorbaColex/vendor/codeigniter4/framework/system/Database/Postgre/Connection.php:170
Stack trace:
#0 [internal function]: CodeIgniter\Debug\Exceptions->errorHandler(2, 'pg_query(): Que...', '/Users/nick/Des...', 170, Array)
#1 /Users/nick/Desktop/CorbaColex/vendor/codeigniter4/framework/system/Database/Postgre/Connection.php(170): pg_query(Resource id #14, 'INSERT INTO "Re...')
#2 /Users/nick/Desktop/CorbaColex/vendor/codeigniter4/framework/system/Database/BaseConnection.php(732): CodeIgniter\Database\Postgre\Connection->execute('INSERT INTO "Re...')
#3 /Users/nick/Desktop/CorbaColex/vendor/codeigniter4/framework/system/Database/BaseConnection.php(647): CodeIgniter\Database\BaseConnection->simpleQuery('INSERT INTO "Re...')
#4 /Users/nick/Desktop/CorbaColex/vendor/codeigniter4/framework/system/Database/BaseBuilder.php(2277): CodeIgniter\Database\BaseConnection->query('INSERT INTO "Re...', Array, false)
#5 /Users/nick/Desktop/CorbaColex/vendor/codeigniter4/framework/system/Model.php(259): CodeIgniter\Database\BaseBuilder->insert()
#6 /Users/nick/Desktop/CorbaColex/vendor/codeigniter4/framework/system/BaseModel.php(774): CodeIgniter\Model->doInsert(Array)
#7 /Users/nick/Desktop/CorbaColex/vendor/codeigniter4/framework/system/Model.php(686): CodeIgniter\BaseModel->insert(Array, false)
#8 /Users/nick/Desktop/CorbaColex/vendor/codeigniter4/framework/system/BaseModel.php(687): CodeIgniter\Model->insert(Array, false)
#9 /Users/nick/Desktop/CorbaColex/app/Controllers/Auth.php(171): CodeIgniter\BaseModel->save(Array)
#10 /Users/nick/Desktop/CorbaColex/vendor/codeigniter4/framework/system/CodeIgniter.php(931): App\Controllers\Auth->register_user()
#11 /Users/nick/Desktop/CorbaColex/vendor/codeigniter4/framework/system/CodeIgniter.php(439): CodeIgniter\CodeIgniter->runController(Object(App\Controllers\Auth))
#12 /Users/nick/Desktop/CorbaColex/vendor/codeigniter4/framework/system/CodeIgniter.php(339): CodeIgniter\CodeIgniter->handleRequest(NULL, Object(Config\Cache), false)
#13 /Users/nick/Desktop/CorbaColex/public/index.php(44): CodeIgniter\CodeIgniter->run()
#14 /Users/nick/Desktop/CorbaColex/vendor/codeigniter4/framework/system/Commands/Server/rewrite.php(45): require_once('/Users/nick/Des...')
#15 {main}
CRITICAL - 2021-05-30 03:52:18 --> Cannot declare class App\Models\ReaderModel, because the name is already in use
#0 [internal function]: CodeIgniter\Debug\Exceptions->shutdownHandler()
#1 {main}
CRITICAL - 2021-05-30 06:38:05 --> Call to undefined function App\Controllers\get_all_tools()
#0 /Users/nick/Desktop/CorbaColex/vendor/codeigniter4/framework/system/CodeIgniter.php(931): App\Controllers\Pages->view()
#1 /Users/nick/Desktop/CorbaColex/vendor/codeigniter4/framework/system/CodeIgniter.php(439): CodeIgniter\CodeIgniter->runController(Object(App\Controllers\Pages))
#2 /Users/nick/Desktop/CorbaColex/vendor/codeigniter4/framework/system/CodeIgniter.php(339): CodeIgniter\CodeIgniter->handleRequest(NULL, Object(Config\Cache), false)
#3 /Users/nick/Desktop/CorbaColex/public/index.php(44): CodeIgniter\CodeIgniter->run()
#4 /Users/nick/Desktop/CorbaColex/vendor/codeigniter4/framework/system/Commands/Server/rewrite.php(45): require_once('/Users/nick/Des...')
#5 {main}
ERROR - 2021-05-30 06:44:44 --> ErrorException: pg_query(): Query failed: ERROR:  relation "order" does not exist
LINE 1: INSERT INTO "order" ("id_tool", "wear_coef") VALUES ('3', '1...
                    ^ in /Users/nick/Desktop/CorbaColex/vendor/codeigniter4/framework/system/Database/Postgre/Connection.php:170
Stack trace:
#0 [internal function]: CodeIgniter\Debug\Exceptions->errorHandler(2, 'pg_query(): Que...', '/Users/nick/Des...', 170, Array)
#1 /Users/nick/Desktop/CorbaColex/vendor/codeigniter4/framework/system/Database/Postgre/Connection.php(170): pg_query(Resource id #187, 'INSERT INTO "or...')
#2 /Users/nick/Desktop/CorbaColex/vendor/codeigniter4/framework/system/Database/BaseConnection.php(732): CodeIgniter\Database\Postgre\Connection->execute('INSERT INTO "or...')
#3 /Users/nick/Desktop/CorbaColex/vendor/codeigniter4/framework/system/Database/BaseConnection.php(647): CodeIgniter\Database\BaseConnection->simpleQuery('INSERT INTO "or...')
#4 /Users/nick/Desktop/CorbaColex/vendor/codeigniter4/framework/system/Database/BaseBuilder.php(2277): CodeIgniter\Database\BaseConnection->query('INSERT INTO "or...', Array, false)
#5 /Users/nick/Desktop/CorbaColex/app/Database/Seeds/All.php(84): CodeIgniter\Database\BaseBuilder->insert(Array)
#6 /Users/nick/Desktop/CorbaColex/vendor/codeigniter4/framework/system/Database/Seeder.php(171): App\Database\Seeds\All->run()
#7 /Users/nick/Desktop/CorbaColex/vendor/codeigniter4/framework/system/Commands/Database/Seed.php(83): CodeIgniter\Database\Seeder->call('App\\Database\\Se...')
#8 /Users/nick/Desktop/CorbaColex/vendor/codeigniter4/framework/system/CLI/Commands.php(67): CodeIgniter\Commands\Database\Seed->run(Array)
#9 /Users/nick/Desktop/CorbaColex/vendor/codeigniter4/framework/system/CLI/CommandRunner.php(71): CodeIgniter\CLI\Commands->run('db:seed', Array)
#10 /Users/nick/Desktop/CorbaColex/vendor/codeigniter4/framework/system/CLI/CommandRunner.php(56): CodeIgniter\CLI\CommandRunner->index(Array)
#11 /Users/nick/Desktop/CorbaColex/vendor/codeigniter4/framework/system/CodeIgniter.php(927): CodeIgniter\CLI\CommandRunner->_remap('index', 'db:seed')
#12 /Users/nick/Desktop/CorbaColex/vendor/codeigniter4/framework/system/CodeIgniter.php(439): CodeIgniter\CodeIgniter->runController(Object(CodeIgniter\CLI\CommandRunner))
#13 /Users/nick/Desktop/CorbaColex/vendor/codeigniter4/framework/system/CodeIgniter.php(339): CodeIgniter\CodeIgniter->handleRequest(NULL, Object(Config\Cache), false)
#14 /Users/nick/Desktop/CorbaColex/vendor/codeigniter4/framework/system/CLI/Console.php(61): CodeIgniter\CodeIgniter->run()
#15 /Users/nick/Desktop/CorbaColex/spark(66): CodeIgniter\CLI\Console->run()
#16 {main}
ERROR - 2021-05-30 06:44:44 --> ErrorException: pg_query(): Query failed: ERROR:  relation "order" does not exist
LINE 1: INSERT INTO "order" ("id_tool", "wear_coef") VALUES ('4', '1...
                    ^ in /Users/nick/Desktop/CorbaColex/vendor/codeigniter4/framework/system/Database/Postgre/Connection.php:170
Stack trace:
#0 [internal function]: CodeIgniter\Debug\Exceptions->errorHandler(2, 'pg_query(): Que...', '/Users/nick/Des...', 170, Array)
#1 /Users/nick/Desktop/CorbaColex/vendor/codeigniter4/framework/system/Database/Postgre/Connection.php(170): pg_query(Resource id #187, 'INSERT INTO "or...')
#2 /Users/nick/Desktop/CorbaColex/vendor/codeigniter4/framework/system/Database/BaseConnection.php(732): CodeIgniter\Database\Postgre\Connection->execute('INSERT INTO "or...')
#3 /Users/nick/Desktop/CorbaColex/vendor/codeigniter4/framework/system/Database/BaseConnection.php(647): CodeIgniter\Database\BaseConnection->simpleQuery('INSERT INTO "or...')
#4 /Users/nick/Desktop/CorbaColex/vendor/codeigniter4/framework/system/Database/BaseBuilder.php(2277): CodeIgniter\Database\BaseConnection->query('INSERT INTO "or...', Array, false)
#5 /Users/nick/Desktop/CorbaColex/app/Database/Seeds/All.php(89): CodeIgniter\Database\BaseBuilder->insert(Array)
#6 /Users/nick/Desktop/CorbaColex/vendor/codeigniter4/framework/system/Database/Seeder.php(171): App\Database\Seeds\All->run()
#7 /Users/nick/Desktop/CorbaColex/vendor/codeigniter4/framework/system/Commands/Database/Seed.php(83): CodeIgniter\Database\Seeder->call('App\\Database\\Se...')
#8 /Users/nick/Desktop/CorbaColex/vendor/codeigniter4/framework/system/CLI/Commands.php(67): CodeIgniter\Commands\Database\Seed->run(Array)
#9 /Users/nick/Desktop/CorbaColex/vendor/codeigniter4/framework/system/CLI/CommandRunner.php(71): CodeIgniter\CLI\Commands->run('db:seed', Array)
#10 /Users/nick/Desktop/CorbaColex/vendor/codeigniter4/framework/system/CLI/CommandRunner.php(56): CodeIgniter\CLI\CommandRunner->index(Array)
#11 /Users/nick/Desktop/CorbaColex/vendor/codeigniter4/framework/system/CodeIgniter.php(927): CodeIgniter\CLI\CommandRunner->_remap('index', 'db:seed')
#12 /Users/nick/Desktop/CorbaColex/vendor/codeigniter4/framework/system/CodeIgniter.php(439): CodeIgniter\CodeIgniter->runController(Object(CodeIgniter\CLI\CommandRunner))
#13 /Users/nick/Desktop/CorbaColex/vendor/codeigniter4/framework/system/CodeIgniter.php(339): CodeIgniter\CodeIgniter->handleRequest(NULL, Object(Config\Cache), false)
#14 /Users/nick/Desktop/CorbaColex/vendor/codeigniter4/framework/system/CLI/Console.php(61): CodeIgniter\CodeIgniter->run()
#15 /Users/nick/Desktop/CorbaColex/spark(66): CodeIgniter\CLI\Console->run()
#16 {main}
CRITICAL - 2021-05-30 07:26:13 --> Call to a member function paginate() on array
#0 /Users/nick/Desktop/CorbaColex/vendor/codeigniter4/framework/system/CodeIgniter.php(931): App\Controllers\Pages->view()
#1 /Users/nick/Desktop/CorbaColex/vendor/codeigniter4/framework/system/CodeIgniter.php(439): CodeIgniter\CodeIgniter->runController(Object(App\Controllers\Pages))
#2 /Users/nick/Desktop/CorbaColex/vendor/codeigniter4/framework/system/CodeIgniter.php(339): CodeIgniter\CodeIgniter->handleRequest(NULL, Object(Config\Cache), false)
#3 /Users/nick/Desktop/CorbaColex/public/index.php(44): CodeIgniter\CodeIgniter->run()
#4 /Users/nick/Desktop/CorbaColex/vendor/codeigniter4/framework/system/Commands/Server/rewrite.php(45): require_once('/Users/nick/Des...')
#5 {main}
ERROR - 2021-05-30 08:48:15 --> Error connecting to the database: pg_connect(): Unable to connect to PostgreSQL server: could not connect to server: Network is unreachable
	Is the server running on host &quot;188.225.83.42&quot; and accepting
	TCP/IP connections on port 4535?
CRITICAL - 2021-05-30 08:48:15 --> Unable to connect to the database.
Main connection [Postgre]: pg_connect(): Unable to connect to PostgreSQL server: could not connect to server: Network is unreachable
	Is the server running on host &quot;188.225.83.42&quot; and accepting
	TCP/IP connections on port 4535?
#0 /Users/nick/Desktop/CorbaColex/vendor/codeigniter4/framework/system/Database/BaseConnection.php(625): CodeIgniter\Database\BaseConnection->initialize()
#1 /Users/nick/Desktop/CorbaColex/vendor/codeigniter4/framework/system/Database/BaseBuilder.php(2482): CodeIgniter\Database\BaseConnection->query('UPDATE "users" ...', Array, false)
#2 /Users/nick/Desktop/CorbaColex/vendor/benedmunds/codeigniter-ion-auth/Models/IonAuthModel.php(485): CodeIgniter\Database\BaseBuilder->update(Array)
#3 /Users/nick/Desktop/CorbaColex/vendor/benedmunds/codeigniter-ion-auth/Libraries/IonAuth.php(418): IonAuth\Models\IonAuthModel->clearForgottenPasswordCode('4')
#4 /Users/nick/Desktop/CorbaColex/vendor/benedmunds/codeigniter-ion-auth/Controllers/Auth.php(187): IonAuth\Libraries\IonAuth->logout()
#5 /Users/nick/Desktop/CorbaColex/vendor/codeigniter4/framework/system/CodeIgniter.php(931): IonAuth\Controllers\Auth->logout()
#6 /Users/nick/Desktop/CorbaColex/vendor/codeigniter4/framework/system/CodeIgniter.php(439): CodeIgniter\CodeIgniter->runController(Object(App\Controllers\Auth))
#7 /Users/nick/Desktop/CorbaColex/vendor/codeigniter4/framework/system/CodeIgniter.php(339): CodeIgniter\CodeIgniter->handleRequest(NULL, Object(Config\Cache), false)
#8 /Users/nick/Desktop/CorbaColex/public/index.php(44): CodeIgniter\CodeIgniter->run()
#9 /Users/nick/Desktop/CorbaColex/vendor/codeigniter4/framework/system/Commands/Server/rewrite.php(45): require_once('/Users/nick/Des...')
#10 {main}
